[31-Oct-2017 13:48:48 UTC] PHP Fatal error:  Call to a member function find() on a non-object in /home/ubuntu/workspace/cakephp/app/Controller/HomeController.php on line 8
[31-Oct-2017 13:48:48 UTC] PHP Stack trace:
[31-Oct-2017 13:48:48 UTC] PHP   1. {main}() /home/ubuntu/workspace/cakephp/app/webroot/index.php:0
[31-Oct-2017 13:48:48 UTC] PHP   2. Dispatcher->dispatch() /home/ubuntu/workspace/cakephp/app/webroot/index.php:118
[31-Oct-2017 13:48:48 UTC] PHP   3. Dispatcher->_invoke() /home/ubuntu/workspace/cakephp/lib/Cake/Routing/Dispatcher.php:167
[31-Oct-2017 13:48:48 UTC] PHP   4. Controller->invokeAction() /home/ubuntu/workspace/cakephp/lib/Cake/Routing/Dispatcher.php:193
[31-Oct-2017 13:48:48 UTC] PHP   5. ReflectionMethod->invokeArgs() /home/ubuntu/workspace/cakephp/lib/Cake/Controller/Controller.php:491
[31-Oct-2017 13:48:48 UTC] PHP   6. HomeController->index() /home/ubuntu/workspace/cakephp/lib/Cake/Controller/Controller.php:491
[01-Nov-2017 12:58:12 UTC] PHP Fatal error:  Call to a member function save() on a non-object in /home/ubuntu/workspace/cakephp/app/Controller/PsicoterapeutasController.php on line 17
[01-Nov-2017 12:58:12 UTC] PHP Stack trace:
[01-Nov-2017 12:58:12 UTC] PHP   1. {main}() /home/ubuntu/workspace/cakephp/app/webroot/index.php:0
[01-Nov-2017 12:58:12 UTC] PHP   2. Dispatcher->dispatch() /home/ubuntu/workspace/cakephp/app/webroot/index.php:118
[01-Nov-2017 12:58:12 UTC] PHP   3. Dispatcher->_invoke() /home/ubuntu/workspace/cakephp/lib/Cake/Routing/Dispatcher.php:167
[01-Nov-2017 12:58:12 UTC] PHP   4. Controller->invokeAction() /home/ubuntu/workspace/cakephp/lib/Cake/Routing/Dispatcher.php:193
[01-Nov-2017 12:58:12 UTC] PHP   5. ReflectionMethod->invokeArgs() /home/ubuntu/workspace/cakephp/lib/Cake/Controller/Controller.php:491
[01-Nov-2017 12:58:12 UTC] PHP   6. PsicoterapeutasController->add() /home/ubuntu/workspace/cakephp/lib/Cake/Controller/Controller.php:491
[01-Nov-2017 12:59:08 UTC] PHP Fatal error:  Call to a member function find() on a non-object in /home/ubuntu/workspace/cakephp/app/Controller/PsicoterapeutasController.php on line 8
[01-Nov-2017 12:59:08 UTC] PHP Stack trace:
[01-Nov-2017 12:59:08 UTC] PHP   1. {main}() /home/ubuntu/workspace/cakephp/app/webroot/index.php:0
[01-Nov-2017 12:59:08 UTC] PHP   2. Dispatcher->dispatch() /home/ubuntu/workspace/cakephp/app/webroot/index.php:118
[01-Nov-2017 12:59:08 UTC] PHP   3. Dispatcher->_invoke() /home/ubuntu/workspace/cakephp/lib/Cake/Routing/Dispatcher.php:167
[01-Nov-2017 12:59:08 UTC] PHP   4. Controller->invokeAction() /home/ubuntu/workspace/cakephp/lib/Cake/Routing/Dispatcher.php:193
[01-Nov-2017 12:59:08 UTC] PHP   5. ReflectionMethod->invokeArgs() /home/ubuntu/workspace/cakephp/lib/Cake/Controller/Controller.php:491
[01-Nov-2017 12:59:08 UTC] PHP   6. PsicoterapeutasController->index() /home/ubuntu/workspace/cakephp/lib/Cake/Controller/Controller.php:491
[01-Nov-2017 12:59:40 UTC] PHP Fatal error:  Call to a member function find() on a non-object in /home/ubuntu/workspace/cakephp/app/Controller/PsicoterapeutasController.php on line 8
[01-Nov-2017 12:59:40 UTC] PHP Stack trace:
[01-Nov-2017 12:59:40 UTC] PHP   1. {main}() /home/ubuntu/workspace/cakephp/app/webroot/index.php:0
[01-Nov-2017 12:59:40 UTC] PHP   2. Dispatcher->dispatch() /home/ubuntu/workspace/cakephp/app/webroot/index.php:118
[01-Nov-2017 12:59:40 UTC] PHP   3. Dispatcher->_invoke() /home/ubuntu/workspace/cakephp/lib/Cake/Routing/Dispatcher.php:167
[01-Nov-2017 12:59:40 UTC] PHP   4. Controller->invokeAction() /home/ubuntu/workspace/cakephp/lib/Cake/Routing/Dispatcher.php:193
[01-Nov-2017 12:59:40 UTC] PHP   5. ReflectionMethod->invokeArgs() /home/ubuntu/workspace/cakephp/lib/Cake/Controller/Controller.php:491
[01-Nov-2017 12:59:40 UTC] PHP   6. PsicoterapeutasController->index() /home/ubuntu/workspace/cakephp/lib/Cake/Controller/Controller.php:491
[02-Nov-2017 18:05:20 UTC] PHP Parse error:  syntax error, unexpected '<' in /home/ubuntu/workspace/cakephp/app/View/Psicoterapeutas/add.ctp on line 14
[02-Nov-2017 18:05:20 UTC] PHP Stack trace:
[02-Nov-2017 18:05:20 UTC] PHP   1. {main}() /home/ubuntu/workspace/cakephp/app/webroot/index.php:0
[02-Nov-2017 18:05:20 UTC] PHP   2. Dispatcher->dispatch() /home/ubuntu/workspace/cakephp/app/webroot/index.php:118
[02-Nov-2017 18:05:20 UTC] PHP   3. Dispatcher->_invoke() /home/ubuntu/workspace/cakephp/lib/Cake/Routing/Dispatcher.php:167
[02-Nov-2017 18:05:20 UTC] PHP   4. Controller->render() /home/ubuntu/workspace/cakephp/lib/Cake/Routing/Dispatcher.php:200
[02-Nov-2017 18:05:20 UTC] PHP   5. View->render() /home/ubuntu/workspace/cakephp/lib/Cake/Controller/Controller.php:963
[02-Nov-2017 18:05:20 UTC] PHP   6. View->_render() /home/ubuntu/workspace/cakephp/lib/Cake/View/View.php:473
[02-Nov-2017 18:05:20 UTC] PHP   7. View->_evaluate() /home/ubuntu/workspace/cakephp/lib/Cake/View/View.php:933
[03-Nov-2017 22:27:56 UTC] PHP Parse error:  syntax error, unexpected '[', expecting ',' or ';' in /home/ubuntu/workspace/cakephp/app/View/Despesas/edit.ctp on line 32
[03-Nov-2017 22:27:56 UTC] PHP Stack trace:
[03-Nov-2017 22:27:56 UTC] PHP   1. {main}() /home/ubuntu/workspace/cakephp/app/webroot/index.php:0
[03-Nov-2017 22:27:56 UTC] PHP   2. Dispatcher->dispatch() /home/ubuntu/workspace/cakephp/app/webroot/index.php:118
[03-Nov-2017 22:27:56 UTC] PHP   3. Dispatcher->_invoke() /home/ubuntu/workspace/cakephp/lib/Cake/Routing/Dispatcher.php:167
[03-Nov-2017 22:27:56 UTC] PHP   4. Controller->render() /home/ubuntu/workspace/cakephp/lib/Cake/Routing/Dispatcher.php:200
[03-Nov-2017 22:27:56 UTC] PHP   5. View->render() /home/ubuntu/workspace/cakephp/lib/Cake/Controller/Controller.php:963
[03-Nov-2017 22:27:56 UTC] PHP   6. View->_render() /home/ubuntu/workspace/cakephp/lib/Cake/View/View.php:473
[03-Nov-2017 22:27:56 UTC] PHP   7. View->_evaluate() /home/ubuntu/workspace/cakephp/lib/Cake/View/View.php:933
[03-Nov-2017 22:28:04 UTC] PHP Parse error:  syntax error, unexpected '[', expecting ',' or ';' in /home/ubuntu/workspace/cakephp/app/View/Despesas/edit.ctp on line 32
[03-Nov-2017 22:28:04 UTC] PHP Stack trace:
[03-Nov-2017 22:28:04 UTC] PHP   1. {main}() /home/ubuntu/workspace/cakephp/app/webroot/index.php:0
[03-Nov-2017 22:28:04 UTC] PHP   2. Dispatcher->dispatch() /home/ubuntu/workspace/cakephp/app/webroot/index.php:118
[03-Nov-2017 22:28:04 UTC] PHP   3. Dispatcher->_invoke() /home/ubuntu/workspace/cakephp/lib/Cake/Routing/Dispatcher.php:167
[03-Nov-2017 22:28:04 UTC] PHP   4. Controller->render() /home/ubuntu/workspace/cakephp/lib/Cake/Routing/Dispatcher.php:200
[03-Nov-2017 22:28:04 UTC] PHP   5. View->render() /home/ubuntu/workspace/cakephp/lib/Cake/Controller/Controller.php:963
[03-Nov-2017 22:28:04 UTC] PHP   6. View->_render() /home/ubuntu/workspace/cakephp/lib/Cake/View/View.php:473
[03-Nov-2017 22:28:04 UTC] PHP   7. View->_evaluate() /home/ubuntu/workspace/cakephp/lib/Cake/View/View.php:933
[03-Nov-2017 22:28:17 UTC] PHP Parse error:  syntax error, unexpected '[', expecting ',' or ';' in /home/ubuntu/workspace/cakephp/app/View/Despesas/edit.ctp on line 32
[03-Nov-2017 22:28:17 UTC] PHP Stack trace:
[03-Nov-2017 22:28:17 UTC] PHP   1. {main}() /home/ubuntu/workspace/cakephp/app/webroot/index.php:0
[03-Nov-2017 22:28:17 UTC] PHP   2. Dispatcher->dispatch() /home/ubuntu/workspace/cakephp/app/webroot/index.php:118
[03-Nov-2017 22:28:17 UTC] PHP   3. Dispatcher->_invoke() /home/ubuntu/workspace/cakephp/lib/Cake/Routing/Dispatcher.php:167
[03-Nov-2017 22:28:17 UTC] PHP   4. Controller->render() /home/ubuntu/workspace/cakephp/lib/Cake/Routing/Dispatcher.php:200
[03-Nov-2017 22:28:17 UTC] PHP   5. View->render() /home/ubuntu/workspace/cakephp/lib/Cake/Controller/Controller.php:963
[03-Nov-2017 22:28:17 UTC] PHP   6. View->_render() /home/ubuntu/workspace/cakephp/lib/Cake/View/View.php:473
[03-Nov-2017 22:28:17 UTC] PHP   7. View->_evaluate() /home/ubuntu/workspace/cakephp/lib/Cake/View/View.php:933
[03-Nov-2017 22:28:40 UTC] PHP Parse error:  syntax error, unexpected '[', expecting ',' or ';' in /home/ubuntu/workspace/cakephp/app/View/Despesas/edit.ctp on line 32
[03-Nov-2017 22:28:40 UTC] PHP Stack trace:
[03-Nov-2017 22:28:40 UTC] PHP   1. {main}() /home/ubuntu/workspace/cakephp/app/webroot/index.php:0
[03-Nov-2017 22:28:40 UTC] PHP   2. Dispatcher->dispatch() /home/ubuntu/workspace/cakephp/app/webroot/index.php:118
[03-Nov-2017 22:28:40 UTC] PHP   3. Dispatcher->_invoke() /home/ubuntu/workspace/cakephp/lib/Cake/Routing/Dispatcher.php:167
[03-Nov-2017 22:28:40 UTC] PHP   4. Controller->render() /home/ubuntu/workspace/cakephp/lib/Cake/Routing/Dispatcher.php:200
[03-Nov-2017 22:28:40 UTC] PHP   5. View->render() /home/ubuntu/workspace/cakephp/lib/Cake/Controller/Controller.php:963
[03-Nov-2017 22:28:40 UTC] PHP   6. View->_render() /home/ubuntu/workspace/cakephp/lib/Cake/View/View.php:473
[03-Nov-2017 22:28:40 UTC] PHP   7. View->_evaluate() /home/ubuntu/workspace/cakephp/lib/Cake/View/View.php:933
[03-Nov-2017 22:28:48 UTC] PHP Parse error:  syntax error, unexpected '[', expecting ',' or ';' in /home/ubuntu/workspace/cakephp/app/View/Despesas/edit.ctp on line 32
[03-Nov-2017 22:28:48 UTC] PHP Stack trace:
[03-Nov-2017 22:28:48 UTC] PHP   1. {main}() /home/ubuntu/workspace/cakephp/app/webroot/index.php:0
[03-Nov-2017 22:28:48 UTC] PHP   2. Dispatcher->dispatch() /home/ubuntu/workspace/cakephp/app/webroot/index.php:118
[03-Nov-2017 22:28:48 UTC] PHP   3. Dispatcher->_invoke() /home/ubuntu/workspace/cakephp/lib/Cake/Routing/Dispatcher.php:167
[03-Nov-2017 22:28:48 UTC] PHP   4. Controller->render() /home/ubuntu/workspace/cakephp/lib/Cake/Routing/Dispatcher.php:200
[03-Nov-2017 22:28:48 UTC] PHP   5. View->render() /home/ubuntu/workspace/cakephp/lib/Cake/Controller/Controller.php:963
[03-Nov-2017 22:28:48 UTC] PHP   6. View->_render() /home/ubuntu/workspace/cakephp/lib/Cake/View/View.php:473
[03-Nov-2017 22:28:48 UTC] PHP   7. View->_evaluate() /home/ubuntu/workspace/cakephp/lib/Cake/View/View.php:933
[03-Nov-2017 23:20:30 UTC] PHP Parse error:  syntax error, unexpected ';' in /home/ubuntu/workspace/cakephp/app/View/Despesas/edit.ctp on line 28
[03-Nov-2017 23:20:30 UTC] PHP Stack trace:
[03-Nov-2017 23:20:30 UTC] PHP   1. {main}() /home/ubuntu/workspace/cakephp/app/webroot/index.php:0
[03-Nov-2017 23:20:30 UTC] PHP   2. Dispatcher->dispatch() /home/ubuntu/workspace/cakephp/app/webroot/index.php:118
[03-Nov-2017 23:20:30 UTC] PHP   3. Dispatcher->_invoke() /home/ubuntu/workspace/cakephp/lib/Cake/Routing/Dispatcher.php:167
[03-Nov-2017 23:20:30 UTC] PHP   4. Controller->render() /home/ubuntu/workspace/cakephp/lib/Cake/Routing/Dispatcher.php:200
[03-Nov-2017 23:20:30 UTC] PHP   5. View->render() /home/ubuntu/workspace/cakephp/lib/Cake/Controller/Controller.php:963
[03-Nov-2017 23:20:30 UTC] PHP   6. View->_render() /home/ubuntu/workspace/cakephp/lib/Cake/View/View.php:473
[03-Nov-2017 23:20:30 UTC] PHP   7. View->_evaluate() /home/ubuntu/workspace/cakephp/lib/Cake/View/View.php:933
[04-Nov-2017 00:38:43 UTC] PHP Fatal error:  Call to a member function allow() on a non-object in /home/ubuntu/workspace/cakephp/app/Controller/PsicoterapeutasController.php on line 8
[04-Nov-2017 00:38:43 UTC] PHP Stack trace:
[04-Nov-2017 00:38:43 UTC] PHP   1. {main}() /home/ubuntu/workspace/cakephp/app/webroot/index.php:0
[04-Nov-2017 00:38:43 UTC] PHP   2. Dispatcher->dispatch() /home/ubuntu/workspace/cakephp/app/webroot/index.php:118
[04-Nov-2017 00:38:43 UTC] PHP   3. Dispatcher->_invoke() /home/ubuntu/workspace/cakephp/lib/Cake/Routing/Dispatcher.php:167
[04-Nov-2017 00:38:43 UTC] PHP   4. Controller->startupProcess() /home/ubuntu/workspace/cakephp/lib/Cake/Routing/Dispatcher.php:189
[04-Nov-2017 00:38:43 UTC] PHP   5. CakeEventManager->dispatch() /home/ubuntu/workspace/cakephp/lib/Cake/Controller/Controller.php:677
[04-Nov-2017 00:38:43 UTC] PHP   6. call_user_func:{/home/ubuntu/workspace/cakephp/lib/Cake/Event/CakeEventManager.php:243}() /home/ubuntu/workspace/cakephp/lib/Cake/Event/CakeEventManager.php:243
[04-Nov-2017 00:38:43 UTC] PHP   7. PsicoterapeutasController->beforeFilter() /home/ubuntu/workspace/cakephp/lib/Cake/Event/CakeEventManager.php:243
[04-Nov-2017 00:41:14 UTC] PHP Fatal error:  Call to a member function allow() on a non-object in /home/ubuntu/workspace/cakephp/app/Controller/PsicoterapeutasController.php on line 8
[04-Nov-2017 00:41:14 UTC] PHP Stack trace:
[04-Nov-2017 00:41:14 UTC] PHP   1. {main}() /home/ubuntu/workspace/cakephp/app/webroot/index.php:0
[04-Nov-2017 00:41:14 UTC] PHP   2. Dispatcher->dispatch() /home/ubuntu/workspace/cakephp/app/webroot/index.php:118
[04-Nov-2017 00:41:14 UTC] PHP   3. Dispatcher->_invoke() /home/ubuntu/workspace/cakephp/lib/Cake/Routing/Dispatcher.php:167
[04-Nov-2017 00:41:14 UTC] PHP   4. Controller->startupProcess() /home/ubuntu/workspace/cakephp/lib/Cake/Routing/Dispatcher.php:189
[04-Nov-2017 00:41:14 UTC] PHP   5. CakeEventManager->dispatch() /home/ubuntu/workspace/cakephp/lib/Cake/Controller/Controller.php:677
[04-Nov-2017 00:41:14 UTC] PHP   6. call_user_func:{/home/ubuntu/workspace/cakephp/lib/Cake/Event/CakeEventManager.php:243}() /home/ubuntu/workspace/cakephp/lib/Cake/Event/CakeEventManager.php:243
[04-Nov-2017 00:41:14 UTC] PHP   7. PsicoterapeutasController->beforeFilter() /home/ubuntu/workspace/cakephp/lib/Cake/Event/CakeEventManager.php:243
[04-Nov-2017 00:41:37 UTC] PHP Fatal error:  Call to a member function allow() on a non-object in /home/ubuntu/workspace/cakephp/app/Controller/PsicoterapeutasController.php on line 8
[04-Nov-2017 00:41:37 UTC] PHP Stack trace:
[04-Nov-2017 00:41:37 UTC] PHP   1. {main}() /home/ubuntu/workspace/cakephp/app/webroot/index.php:0
[04-Nov-2017 00:41:37 UTC] PHP   2. Dispatcher->dispatch() /home/ubuntu/workspace/cakephp/app/webroot/index.php:118
[04-Nov-2017 00:41:37 UTC] PHP   3. Dispatcher->_invoke() /home/ubuntu/workspace/cakephp/lib/Cake/Routing/Dispatcher.php:167
[04-Nov-2017 00:41:37 UTC] PHP   4. Controller->startupProcess() /home/ubuntu/workspace/cakephp/lib/Cake/Routing/Dispatcher.php:189
[04-Nov-2017 00:41:37 UTC] PHP   5. CakeEventManager->dispatch() /home/ubuntu/workspace/cakephp/lib/Cake/Controller/Controller.php:677
[04-Nov-2017 00:41:37 UTC] PHP   6. call_user_func:{/home/ubuntu/workspace/cakephp/lib/Cake/Event/CakeEventManager.php:243}() /home/ubuntu/workspace/cakephp/lib/Cake/Event/CakeEventManager.php:243
[04-Nov-2017 00:41:37 UTC] PHP   7. PsicoterapeutasController->beforeFilter() /home/ubuntu/workspace/cakephp/lib/Cake/Event/CakeEventManager.php:243
[04-Nov-2017 00:42:15 UTC] PHP Fatal error:  Call to a member function allow() on a non-object in /home/ubuntu/workspace/cakephp/app/Controller/PsicoterapeutasController.php on line 8
[04-Nov-2017 00:42:15 UTC] PHP Stack trace:
[04-Nov-2017 00:42:15 UTC] PHP   1. {main}() /home/ubuntu/workspace/cakephp/app/webroot/index.php:0
[04-Nov-2017 00:42:15 UTC] PHP   2. Dispatcher->dispatch() /home/ubuntu/workspace/cakephp/app/webroot/index.php:118
[04-Nov-2017 00:42:15 UTC] PHP   3. Dispatcher->_invoke() /home/ubuntu/workspace/cakephp/lib/Cake/Routing/Dispatcher.php:167
[04-Nov-2017 00:42:15 UTC] PHP   4. Controller->startupProcess() /home/ubuntu/workspace/cakephp/lib/Cake/Routing/Dispatcher.php:189
[04-Nov-2017 00:42:15 UTC] PHP   5. CakeEventManager->dispatch() /home/ubuntu/workspace/cakephp/lib/Cake/Controller/Controller.php:677
[04-Nov-2017 00:42:15 UTC] PHP   6. call_user_func:{/home/ubuntu/workspace/cakephp/lib/Cake/Event/CakeEventManager.php:243}() /home/ubuntu/workspace/cakephp/lib/Cake/Event/CakeEventManager.php:243
[04-Nov-2017 00:42:15 UTC] PHP   7. PsicoterapeutasController->beforeFilter() /home/ubuntu/workspace/cakephp/lib/Cake/Event/CakeEventManager.php:243
[04-Nov-2017 00:42:17 UTC] PHP Fatal error:  Call to a member function allow() on a non-object in /home/ubuntu/workspace/cakephp/app/Controller/PsicoterapeutasController.php on line 8
[04-Nov-2017 00:42:17 UTC] PHP Stack trace:
[04-Nov-2017 00:42:17 UTC] PHP   1. {main}() /home/ubuntu/workspace/cakephp/app/webroot/index.php:0
[04-Nov-2017 00:42:17 UTC] PHP   2. Dispatcher->dispatch() /home/ubuntu/workspace/cakephp/app/webroot/index.php:118
[04-Nov-2017 00:42:17 UTC] PHP   3. Dispatcher->_invoke() /home/ubuntu/workspace/cakephp/lib/Cake/Routing/Dispatcher.php:167
[04-Nov-2017 00:42:17 UTC] PHP   4. Controller->startupProcess() /home/ubuntu/workspace/cakephp/lib/Cake/Routing/Dispatcher.php:189
[04-Nov-2017 00:42:17 UTC] PHP   5. CakeEventManager->dispatch() /home/ubuntu/workspace/cakephp/lib/Cake/Controller/Controller.php:677
[04-Nov-2017 00:42:17 UTC] PHP   6. call_user_func:{/home/ubuntu/workspace/cakephp/lib/Cake/Event/CakeEventManager.php:243}() /home/ubuntu/workspace/cakephp/lib/Cake/Event/CakeEventManager.php:243
[04-Nov-2017 00:42:17 UTC] PHP   7. PsicoterapeutasController->beforeFilter() /home/ubuntu/workspace/cakephp/lib/Cake/Event/CakeEventManager.php:243
[04-Nov-2017 00:42:44 UTC] PHP Fatal error:  Call to a member function allow() on a non-object in /home/ubuntu/workspace/cakephp/app/Controller/PsicoterapeutasController.php on line 8
[04-Nov-2017 00:42:44 UTC] PHP Stack trace:
[04-Nov-2017 00:42:44 UTC] PHP   1. {main}() /home/ubuntu/workspace/cakephp/app/webroot/index.php:0
[04-Nov-2017 00:42:44 UTC] PHP   2. Dispatcher->dispatch() /home/ubuntu/workspace/cakephp/app/webroot/index.php:118
[04-Nov-2017 00:42:44 UTC] PHP   3. Dispatcher->_invoke() /home/ubuntu/workspace/cakephp/lib/Cake/Routing/Dispatcher.php:167
[04-Nov-2017 00:42:44 UTC] PHP   4. Controller->startupProcess() /home/ubuntu/workspace/cakephp/lib/Cake/Routing/Dispatcher.php:189
[04-Nov-2017 00:42:44 UTC] PHP   5. CakeEventManager->dispatch() /home/ubuntu/workspace/cakephp/lib/Cake/Controller/Controller.php:677
[04-Nov-2017 00:42:44 UTC] PHP   6. call_user_func:{/home/ubuntu/workspace/cakephp/lib/Cake/Event/CakeEventManager.php:243}() /home/ubuntu/workspace/cakephp/lib/Cake/Event/CakeEventManager.php:243
[04-Nov-2017 00:42:44 UTC] PHP   7. PsicoterapeutasController->beforeFilter() /home/ubuntu/workspace/cakephp/lib/Cake/Event/CakeEventManager.php:243
[04-Nov-2017 00:47:29 UTC] PHP Parse error:  syntax error, unexpected ';', expecting function (T_FUNCTION) in /home/ubuntu/workspace/cakephp/app/Model/Psicoterapeuta.php on line 10
[04-Nov-2017 00:47:29 UTC] PHP Stack trace:
[04-Nov-2017 00:47:29 UTC] PHP   1. {main}() /home/ubuntu/workspace/cakephp/app/webroot/index.php:0
[04-Nov-2017 00:47:29 UTC] PHP   2. Dispatcher->dispatch() /home/ubuntu/workspace/cakephp/app/webroot/index.php:118
[04-Nov-2017 00:47:29 UTC] PHP   3. Dispatcher->_invoke() /home/ubuntu/workspace/cakephp/lib/Cake/Routing/Dispatcher.php:167
[04-Nov-2017 00:47:29 UTC] PHP   4. Controller->invokeAction() /home/ubuntu/workspace/cakephp/lib/Cake/Routing/Dispatcher.php:193
[04-Nov-2017 00:47:29 UTC] PHP   5. ReflectionMethod->invokeArgs() /home/ubuntu/workspace/cakephp/lib/Cake/Controller/Controller.php:491
[04-Nov-2017 00:47:29 UTC] PHP   6. PsicoterapeutasController->index() /home/ubuntu/workspace/cakephp/lib/Cake/Controller/Controller.php:491
[04-Nov-2017 00:47:29 UTC] PHP   7. Controller->__get() /home/ubuntu/workspace/cakephp/lib/Cake/Controller/Controller.php:9
[04-Nov-2017 00:47:29 UTC] PHP   8. Controller->__isset() /home/ubuntu/workspace/cakephp/lib/Cake/Controller/Controller.php:406
[04-Nov-2017 00:47:29 UTC] PHP   9. Controller->loadModel() /home/ubuntu/workspace/cakephp/lib/Cake/Controller/Controller.php:368
[04-Nov-2017 00:47:29 UTC] PHP  10. ClassRegistry::init() /home/ubuntu/workspace/cakephp/lib/Cake/Controller/Controller.php:742
[04-Nov-2017 00:47:29 UTC] PHP  11. class_exists() /home/ubuntu/workspace/cakephp/lib/Cake/Utility/ClassRegistry.php:146
[04-Nov-2017 00:47:29 UTC] PHP  12. spl_autoload_call() /home/ubuntu/workspace/cakephp/lib/Cake/Utility/ClassRegistry.php:146
[04-Nov-2017 00:47:29 UTC] PHP  13. App::load() /home/ubuntu/workspace/cakephp/lib/Cake/Utility/ClassRegistry.php:146
[04-Nov-2017 01:03:14 UTC] PHP Parse error:  syntax error, unexpected 'else' (T_ELSE), expecting ',' or ';' in /home/ubuntu/workspace/cakephp/app/View/Despesas/index.ctp on line 26
[04-Nov-2017 01:03:14 UTC] PHP Stack trace:
[04-Nov-2017 01:03:14 UTC] PHP   1. {main}() /home/ubuntu/workspace/cakephp/app/webroot/index.php:0
[04-Nov-2017 01:03:14 UTC] PHP   2. Dispatcher->dispatch() /home/ubuntu/workspace/cakephp/app/webroot/index.php:118
[04-Nov-2017 01:03:14 UTC] PHP   3. Dispatcher->_invoke() /home/ubuntu/workspace/cakephp/lib/Cake/Routing/Dispatcher.php:167
[04-Nov-2017 01:03:14 UTC] PHP   4. Controller->render() /home/ubuntu/workspace/cakephp/lib/Cake/Routing/Dispatcher.php:200
[04-Nov-2017 01:03:14 UTC] PHP   5. View->render() /home/ubuntu/workspace/cakephp/lib/Cake/Controller/Controller.php:963
[04-Nov-2017 01:03:14 UTC] PHP   6. View->_render() /home/ubuntu/workspace/cakephp/lib/Cake/View/View.php:473
[04-Nov-2017 01:03:14 UTC] PHP   7. View->_evaluate() /home/ubuntu/workspace/cakephp/lib/Cake/View/View.php:933
[04-Nov-2017 01:08:46 UTC] PHP Parse error:  syntax error, unexpected ';', expecting ')' in /home/ubuntu/workspace/cakephp/app/View/Home/add.ctp on line 93
[04-Nov-2017 01:08:46 UTC] PHP Stack trace:
[04-Nov-2017 01:08:46 UTC] PHP   1. {main}() /home/ubuntu/workspace/cakephp/app/webroot/index.php:0
[04-Nov-2017 01:08:46 UTC] PHP   2. Dispatcher->dispatch() /home/ubuntu/workspace/cakephp/app/webroot/index.php:118
[04-Nov-2017 01:08:46 UTC] PHP   3. Dispatcher->_invoke() /home/ubuntu/workspace/cakephp/lib/Cake/Routing/Dispatcher.php:167
[04-Nov-2017 01:08:46 UTC] PHP   4. Controller->render() /home/ubuntu/workspace/cakephp/lib/Cake/Routing/Dispatcher.php:200
[04-Nov-2017 01:08:46 UTC] PHP   5. View->render() /home/ubuntu/workspace/cakephp/lib/Cake/Controller/Controller.php:963
[04-Nov-2017 01:08:46 UTC] PHP   6. View->_render() /home/ubuntu/workspace/cakephp/lib/Cake/View/View.php:473
[04-Nov-2017 01:08:46 UTC] PHP   7. View->_evaluate() /home/ubuntu/workspace/cakephp/lib/Cake/View/View.php:933
[04-Nov-2017 01:31:54 UTC] PHP Parse error:  syntax error, unexpected ';' in /home/ubuntu/workspace/cakephp/app/Controller/DespesasController.php on line 9
[04-Nov-2017 01:31:54 UTC] PHP Stack trace:
[04-Nov-2017 01:31:54 UTC] PHP   1. {main}() /home/ubuntu/workspace/cakephp/app/webroot/index.php:0
[04-Nov-2017 01:31:54 UTC] PHP   2. Dispatcher->dispatch() /home/ubuntu/workspace/cakephp/app/webroot/index.php:118
[04-Nov-2017 01:31:54 UTC] PHP   3. Dispatcher->_getController() /home/ubuntu/workspace/cakephp/lib/Cake/Routing/Dispatcher.php:158
[04-Nov-2017 01:31:54 UTC] PHP   4. Dispatcher->_loadController() /home/ubuntu/workspace/cakephp/lib/Cake/Routing/Dispatcher.php:235
[04-Nov-2017 01:31:54 UTC] PHP   5. class_exists() /home/ubuntu/workspace/cakephp/lib/Cake/Routing/Dispatcher.php:266
[04-Nov-2017 01:31:54 UTC] PHP   6. spl_autoload_call() /home/ubuntu/workspace/cakephp/lib/Cake/Routing/Dispatcher.php:266
[04-Nov-2017 01:31:54 UTC] PHP   7. App::load() /home/ubuntu/workspace/cakephp/lib/Cake/Routing/Dispatcher.php:266
[04-Nov-2017 01:32:23 UTC] PHP Parse error:  syntax error, unexpected '}' in /home/ubuntu/workspace/cakephp/app/Controller/DespesasController.php on line 10
[04-Nov-2017 01:32:23 UTC] PHP Stack trace:
[04-Nov-2017 01:32:23 UTC] PHP   1. {main}() /home/ubuntu/workspace/cakephp/app/webroot/index.php:0
[04-Nov-2017 01:32:23 UTC] PHP   2. Dispatcher->dispatch() /home/ubuntu/workspace/cakephp/app/webroot/index.php:118
[04-Nov-2017 01:32:23 UTC] PHP   3. Dispatcher->_getController() /home/ubuntu/workspace/cakephp/lib/Cake/Routing/Dispatcher.php:158
[04-Nov-2017 01:32:23 UTC] PHP   4. Dispatcher->_loadController() /home/ubuntu/workspace/cakephp/lib/Cake/Routing/Dispatcher.php:235
[04-Nov-2017 01:32:23 UTC] PHP   5. class_exists() /home/ubuntu/workspace/cakephp/lib/Cake/Routing/Dispatcher.php:266
[04-Nov-2017 01:32:23 UTC] PHP   6. spl_autoload_call() /home/ubuntu/workspace/cakephp/lib/Cake/Routing/Dispatcher.php:266
[04-Nov-2017 01:32:23 UTC] PHP   7. App::load() /home/ubuntu/workspace/cakephp/lib/Cake/Routing/Dispatcher.php:266
[04-Nov-2017 01:32:39 UTC] PHP Parse error:  syntax error, unexpected '=>' (T_DOUBLE_ARROW), expecting ')' in /home/ubuntu/workspace/cakephp/app/Controller/DespesasController.php on line 9
[04-Nov-2017 01:32:39 UTC] PHP Stack trace:
[04-Nov-2017 01:32:39 UTC] PHP   1. {main}() /home/ubuntu/workspace/cakephp/app/webroot/index.php:0
[04-Nov-2017 01:32:39 UTC] PHP   2. Dispatcher->dispatch() /home/ubuntu/workspace/cakephp/app/webroot/index.php:118
[04-Nov-2017 01:32:39 UTC] PHP   3. Dispatcher->_getController() /home/ubuntu/workspace/cakephp/lib/Cake/Routing/Dispatcher.php:158
[04-Nov-2017 01:32:39 UTC] PHP   4. Dispatcher->_loadController() /home/ubuntu/workspace/cakephp/lib/Cake/Routing/Dispatcher.php:235
[04-Nov-2017 01:32:39 UTC] PHP   5. class_exists() /home/ubuntu/workspace/cakephp/lib/Cake/Routing/Dispatcher.php:266
[04-Nov-2017 01:32:39 UTC] PHP   6. spl_autoload_call() /home/ubuntu/workspace/cakephp/lib/Cake/Routing/Dispatcher.php:266
[04-Nov-2017 01:32:39 UTC] PHP   7. App::load() /home/ubuntu/workspace/cakephp/lib/Cake/Routing/Dispatcher.php:266
[04-Nov-2017 01:32:49 UTC] PHP Parse error:  syntax error, unexpected '=>' (T_DOUBLE_ARROW), expecting ')' in /home/ubuntu/workspace/cakephp/app/Controller/DespesasController.php on line 9
[04-Nov-2017 01:32:49 UTC] PHP Stack trace:
[04-Nov-2017 01:32:49 UTC] PHP   1. {main}() /home/ubuntu/workspace/cakephp/app/webroot/index.php:0
[04-Nov-2017 01:32:49 UTC] PHP   2. Dispatcher->dispatch() /home/ubuntu/workspace/cakephp/app/webroot/index.php:118
[04-Nov-2017 01:32:49 UTC] PHP   3. Dispatcher->_getController() /home/ubuntu/workspace/cakephp/lib/Cake/Routing/Dispatcher.php:158
[04-Nov-2017 01:32:49 UTC] PHP   4. Dispatcher->_loadController() /home/ubuntu/workspace/cakephp/lib/Cake/Routing/Dispatcher.php:235
[04-Nov-2017 01:32:49 UTC] PHP   5. class_exists() /home/ubuntu/workspace/cakephp/lib/Cake/Routing/Dispatcher.php:266
[04-Nov-2017 01:32:49 UTC] PHP   6. spl_autoload_call() /home/ubuntu/workspace/cakephp/lib/Cake/Routing/Dispatcher.php:266
[04-Nov-2017 01:32:49 UTC] PHP   7. App::load() /home/ubuntu/workspace/cakephp/lib/Cake/Routing/Dispatcher.php:266
